25-07-30.21:51:16.613 [main            ] INFO  LlmInsightServiceImplTest - Starting LlmInsightServiceImplTest using Java 17.0.8 on FWLMacBook-Pro.local with PID 13859 (started by fwl in /Users/fwl/coding/ideaJavaProj/sideproject/thermal-comfort-app/thermal-comfort-app-app)
25-07-30.21:51:16.613 [main            ] INFO  LlmInsightServiceImplTest - The following 1 profile is active: "dev"
25-07-30.21:51:16.959 [main            ] DEBUG MybatisPlusAutoConfiguration - Searching for mappers annotated with @Mapper
25-07-30.21:51:16.960 [main            ] DEBUG MybatisPlusAutoConfiguration - Using auto-configuration base package 'com.wanling'
25-07-30.21:51:17.033 [main            ] INFO  RepositoryConfigurationDelegate - Multiple Spring Data modules found, entering strict repository configuration mode
25-07-30.21:51:17.035 [main            ] INFO  RepositoryConfigurationDelegate - Bootstrapping Spring Data Redis repositories in DEFAULT mode.
25-07-30.21:51:17.049 [main            ] INFO  RepositoryConfigurationDelegate - Finished Spring Data repository scanning in 8 ms. Found 0 Redis repository interfaces.
25-07-30.21:51:17.444 [main            ] DEBUG MybatisSqlSessionFactoryBean - Parsed mapper file: 'file [/Users/fwl/coding/ideaJavaProj/sideproject/thermal-comfort-app/thermal-comfort-app-app/target/classes/mybatis/mapper/ActivitiesMapper.xml]'
25-07-30.21:51:17.452 [main            ] DEBUG MybatisSqlSessionFactoryBean - Parsed mapper file: 'file [/Users/fwl/coding/ideaJavaProj/sideproject/thermal-comfort-app/thermal-comfort-app-app/target/classes/mybatis/mapper/AiInteractionLogsMapper.xml]'
25-07-30.21:51:17.461 [main            ] DEBUG MybatisSqlSessionFactoryBean - Parsed mapper file: 'file [/Users/fwl/coding/ideaJavaProj/sideproject/thermal-comfort-app/thermal-comfort-app-app/target/classes/mybatis/mapper/ComfortFeedbackMapper.xml]'
25-07-30.21:51:17.468 [main            ] DEBUG MybatisSqlSessionFactoryBean - Parsed mapper file: 'file [/Users/fwl/coding/ideaJavaProj/sideproject/thermal-comfort-app/thermal-comfort-app-app/target/classes/mybatis/mapper/ComfortSummaryReportsMapper.xml]'
25-07-30.21:51:17.474 [main            ] DEBUG MybatisSqlSessionFactoryBean - Parsed mapper file: 'file [/Users/fwl/coding/ideaJavaProj/sideproject/thermal-comfort-app/thermal-comfort-app-app/target/classes/mybatis/mapper/EnvironmentalReadingsMapper.xml]'
25-07-30.21:51:17.479 [main            ] DEBUG MybatisSqlSessionFactoryBean - Parsed mapper file: 'file [/Users/fwl/coding/ideaJavaProj/sideproject/thermal-comfort-app/thermal-comfort-app-app/target/classes/mybatis/mapper/LocationTagsMapper.xml]'
25-07-30.21:51:17.486 [main            ] DEBUG MybatisSqlSessionFactoryBean - Parsed mapper file: 'file [/Users/fwl/coding/ideaJavaProj/sideproject/thermal-comfort-app/thermal-comfort-app-app/target/classes/mybatis/mapper/SensorsMapper.xml]'
25-07-30.21:51:17.494 [main            ] DEBUG MybatisSqlSessionFactoryBean - Parsed mapper file: 'file [/Users/fwl/coding/ideaJavaProj/sideproject/thermal-comfort-app/thermal-comfort-app-app/target/classes/mybatis/mapper/UserLocationTagsMapper.xml]'
25-07-30.21:51:17.515 [main            ] DEBUG MybatisSqlSessionFactoryBean - Parsed mapper file: 'file [/Users/fwl/coding/ideaJavaProj/sideproject/thermal-comfort-app/thermal-comfort-app-app/target/classes/mybatis/mapper/UsersMapper.xml]'
25-07-30.21:51:17.677 [main            ] INFO  Version                - Redisson 3.23.4
25-07-30.21:51:17.689 [main            ] WARN  DnsServerAddressStreamProviders - Can not find io.netty.resolver.dns.macos.MacOSDnsServerAddressStreamProvider in the classpath, fallback to system defaults. This may result in incorrect DNS resolutions on MacOS. Check whether you have a dependency on 'io.netty:netty-resolver-dns-native-macos'
25-07-30.21:51:17.764 [redisson-netty-2-4] INFO  MasterPubSubConnectionPool - 1 connections initialized for 127.0.0.1/127.0.0.1:16379
25-07-30.21:51:17.773 [redisson-netty-2-13] INFO  MasterConnectionPool   - 5 connections initialized for 127.0.0.1/127.0.0.1:16379
25-07-30.21:51:18.120 [main            ] DEBUG MybatisPlusAutoConfiguration - Not found configuration for registering mapper bean using @MapperScan, MapperFactoryBean and MapperScannerConfigurer.
25-07-30.21:51:18.473 [main            ] INFO  EndpointLinksResolver  - Exposing 1 endpoint(s) beneath base path '/actuator'
25-07-30.21:51:18.497 [main            ] INFO  LlmInsightServiceImplTest - Started LlmInsightServiceImplTest in 2.048 seconds (JVM running for 2.414)
25-07-30.21:51:18.518 [main            ] DEBUG DdlApplicationRunner   -   ...  DDL start create  ...  
25-07-30.21:51:18.518 [main            ] DEBUG DdlApplicationRunner   -   ...  DDL end create  ...  
25-07-30.21:51:18.676 [main            ] INFO  HikariDataSource       - HikariPool-1 - Starting...
25-07-30.21:51:18.791 [main            ] INFO  HikariDataSource       - HikariPool-1 - Start completed.
25-07-30.21:51:18.903 [main            ] INFO  LlmInsightServiceImplTest - 🧠 Insight Summary:
MonthlyLLMInsightEntity(startDate=2025-07-01, endDate=2025-07-31, totalFeedbackCount=4, comfortLevelCounts={-1=4}, comfortLevelPercentages={-1=100.0}, activityDistribution=[ActivityDistributionEntity(activityTypeId=standing, count=1, percentage=33.333333333333336), ActivityDistributionEntity(activityTypeId=sitting, count=2, percentage=66.66666666666667)], clothingDistribution=[ClothingDistributionEntity(clothingLevel=medium, count=2, percentage=100.0)], comfortableRange=ComfortableRangeEntity(minTemp=0.0, maxTemp=0.0, minHumidity=0.0, maxHumidity=0.0, sampleCount=0), trendComparison=TrendComparisonEntity(currentCount=4, currentComfortRatio=0.0, previousCount=0, previousComfortRatio=0.0, delta=0.0), topLocation=TopLocationEntity(name=Home, latitude=53.285921, longitude=-9.073665, comfortStats={-1=4}, totalCount=4))
25-07-30.21:51:18.929 [SpringApplicationShutdownHook] INFO  HikariDataSource       - HikariPool-1 - Shutdown initiated...
25-07-30.21:51:18.936 [SpringApplicationShutdownHook] INFO  HikariDataSource       - HikariPool-1 - Shutdown completed.
25-07-30.22:05:35.313 [main            ] INFO  LlmInsightServiceImplTest - Starting LlmInsightServiceImplTest using Java 17.0.8 on FWLMacBook-Pro.local with PID 14632 (started by fwl in /Users/fwl/coding/ideaJavaProj/sideproject/thermal-comfort-app/thermal-comfort-app-app)
25-07-30.22:05:35.313 [main            ] INFO  LlmInsightServiceImplTest - The following 1 profile is active: "dev"
25-07-30.22:05:35.697 [main            ] DEBUG MybatisPlusAutoConfiguration - Searching for mappers annotated with @Mapper
25-07-30.22:05:35.697 [main            ] DEBUG MybatisPlusAutoConfiguration - Using auto-configuration base package 'com.wanling'
25-07-30.22:05:35.771 [main            ] INFO  RepositoryConfigurationDelegate - Multiple Spring Data modules found, entering strict repository configuration mode
25-07-30.22:05:35.772 [main            ] INFO  RepositoryConfigurationDelegate - Bootstrapping Spring Data Redis repositories in DEFAULT mode.
25-07-30.22:05:35.787 [main            ] INFO  RepositoryConfigurationDelegate - Finished Spring Data repository scanning in 8 ms. Found 0 Redis repository interfaces.
25-07-30.22:05:36.172 [main            ] DEBUG MybatisSqlSessionFactoryBean - Parsed mapper file: 'file [/Users/fwl/coding/ideaJavaProj/sideproject/thermal-comfort-app/thermal-comfort-app-app/target/classes/mybatis/mapper/ActivitiesMapper.xml]'
25-07-30.22:05:36.179 [main            ] DEBUG MybatisSqlSessionFactoryBean - Parsed mapper file: 'file [/Users/fwl/coding/ideaJavaProj/sideproject/thermal-comfort-app/thermal-comfort-app-app/target/classes/mybatis/mapper/AiInteractionLogsMapper.xml]'
25-07-30.22:05:36.189 [main            ] DEBUG MybatisSqlSessionFactoryBean - Parsed mapper file: 'file [/Users/fwl/coding/ideaJavaProj/sideproject/thermal-comfort-app/thermal-comfort-app-app/target/classes/mybatis/mapper/ComfortFeedbackMapper.xml]'
25-07-30.22:05:36.195 [main            ] DEBUG MybatisSqlSessionFactoryBean - Parsed mapper file: 'file [/Users/fwl/coding/ideaJavaProj/sideproject/thermal-comfort-app/thermal-comfort-app-app/target/classes/mybatis/mapper/ComfortSummaryReportsMapper.xml]'
25-07-30.22:05:36.202 [main            ] DEBUG MybatisSqlSessionFactoryBean - Parsed mapper file: 'file [/Users/fwl/coding/ideaJavaProj/sideproject/thermal-comfort-app/thermal-comfort-app-app/target/classes/mybatis/mapper/EnvironmentalReadingsMapper.xml]'
25-07-30.22:05:36.207 [main            ] DEBUG MybatisSqlSessionFactoryBean - Parsed mapper file: 'file [/Users/fwl/coding/ideaJavaProj/sideproject/thermal-comfort-app/thermal-comfort-app-app/target/classes/mybatis/mapper/LocationTagsMapper.xml]'
25-07-30.22:05:36.213 [main            ] DEBUG MybatisSqlSessionFactoryBean - Parsed mapper file: 'file [/Users/fwl/coding/ideaJavaProj/sideproject/thermal-comfort-app/thermal-comfort-app-app/target/classes/mybatis/mapper/SensorsMapper.xml]'
25-07-30.22:05:36.221 [main            ] DEBUG MybatisSqlSessionFactoryBean - Parsed mapper file: 'file [/Users/fwl/coding/ideaJavaProj/sideproject/thermal-comfort-app/thermal-comfort-app-app/target/classes/mybatis/mapper/UserLocationTagsMapper.xml]'
25-07-30.22:05:36.244 [main            ] DEBUG MybatisSqlSessionFactoryBean - Parsed mapper file: 'file [/Users/fwl/coding/ideaJavaProj/sideproject/thermal-comfort-app/thermal-comfort-app-app/target/classes/mybatis/mapper/UsersMapper.xml]'
25-07-30.22:05:36.408 [main            ] INFO  Version                - Redisson 3.23.4
25-07-30.22:05:36.420 [main            ] WARN  DnsServerAddressStreamProviders - Can not find io.netty.resolver.dns.macos.MacOSDnsServerAddressStreamProvider in the classpath, fallback to system defaults. This may result in incorrect DNS resolutions on MacOS. Check whether you have a dependency on 'io.netty:netty-resolver-dns-native-macos'
25-07-30.22:05:36.490 [redisson-netty-2-4] INFO  MasterPubSubConnectionPool - 1 connections initialized for 127.0.0.1/127.0.0.1:16379
25-07-30.22:05:36.497 [redisson-netty-2-13] INFO  MasterConnectionPool   - 5 connections initialized for 127.0.0.1/127.0.0.1:16379
25-07-30.22:05:36.818 [main            ] DEBUG MybatisPlusAutoConfiguration - Not found configuration for registering mapper bean using @MapperScan, MapperFactoryBean and MapperScannerConfigurer.
25-07-30.22:05:37.185 [main            ] INFO  EndpointLinksResolver  - Exposing 1 endpoint(s) beneath base path '/actuator'
25-07-30.22:05:37.216 [main            ] INFO  LlmInsightServiceImplTest - Started LlmInsightServiceImplTest in 2.079 seconds (JVM running for 2.484)
25-07-30.22:05:37.238 [main            ] DEBUG DdlApplicationRunner   -   ...  DDL start create  ...  
25-07-30.22:05:37.238 [main            ] DEBUG DdlApplicationRunner   -   ...  DDL end create  ...  
25-07-30.22:05:37.412 [main            ] INFO  HikariDataSource       - HikariPool-1 - Starting...
25-07-30.22:05:37.538 [main            ] INFO  HikariDataSource       - HikariPool-1 - Start completed.
25-07-30.22:05:37.679 [main            ] INFO  LlmInsightServiceImplTest - 🧠 Insight Summary:
MonthlyLLMInsightEntity(startDate=2025-07-01, endDate=2025-07-31, totalFeedbackCount=4, comfortLevelCounts={-1=4}, comfortLevelPercentages={-1=100.0}, activityDistribution=[ActivityDistributionEntity(activityTypeId=standing, count=1, percentage=33.333333333333336), ActivityDistributionEntity(activityTypeId=sitting, count=2, percentage=66.66666666666667)], clothingDistribution=[ClothingDistributionEntity(clothingLevel=medium, count=2, percentage=100.0)], comfortLevelEnvRanges=[ComfortLevelEnvironmentRangeEntity(comfortLevel=-2, minTemp=0.0, maxTemp=0.0, minHumidity=0.0, maxHumidity=0.0, sampleCount=0), ComfortLevelEnvironmentRangeEntity(comfortLevel=-1, minTemp=20.9, maxTemp=21.6, minHumidity=66.0, maxHumidity=66.0, sampleCount=4), ComfortLevelEnvironmentRangeEntity(comfortLevel=0, minTemp=0.0, maxTemp=0.0, minHumidity=0.0, maxHumidity=0.0, sampleCount=0), ComfortLevelEnvironmentRangeEntity(comfortLevel=1, minTemp=0.0, maxTemp=0.0, minHumidity=0.0, maxHumidity=0.0, sampleCount=0), ComfortLevelEnvironmentRangeEntity(comfortLevel=2, minTemp=0.0, maxTemp=0.0, minHumidity=0.0, maxHumidity=0.0, sampleCount=0)], trendComparison=TrendComparisonEntity(currentCount=4, currentComfortRatio=0.0, previousCount=0, previousComfortRatio=0.0, delta=0.0), topLocation=TopLocationEntity(name=Home, latitude=53.285921, longitude=-9.073665, comfortStats={-1=4}, totalCount=4))
25-07-30.22:05:37.711 [SpringApplicationShutdownHook] INFO  HikariDataSource       - HikariPool-1 - Shutdown initiated...
25-07-30.22:05:37.729 [SpringApplicationShutdownHook] INFO  HikariDataSource       - HikariPool-1 - Shutdown completed.
25-07-30.22:25:35.243 [main            ] INFO  ComfortFeedbackServiceTest - Starting ComfortFeedbackServiceTest using Java 17.0.8 on FWLMacBook-Pro.local with PID 15677 (started by fwl in /Users/fwl/coding/ideaJavaProj/sideproject/thermal-comfort-app/thermal-comfort-app-app)
25-07-30.22:25:35.244 [main            ] INFO  ComfortFeedbackServiceTest - The following 1 profile is active: "dev"
25-07-30.22:25:35.634 [main            ] DEBUG MybatisPlusAutoConfiguration - Searching for mappers annotated with @Mapper
25-07-30.22:25:35.634 [main            ] DEBUG MybatisPlusAutoConfiguration - Using auto-configuration base package 'com.wanling'
25-07-30.22:25:35.712 [main            ] INFO  RepositoryConfigurationDelegate - Multiple Spring Data modules found, entering strict repository configuration mode
25-07-30.22:25:35.713 [main            ] INFO  RepositoryConfigurationDelegate - Bootstrapping Spring Data Redis repositories in DEFAULT mode.
25-07-30.22:25:35.729 [main            ] INFO  RepositoryConfigurationDelegate - Finished Spring Data repository scanning in 10 ms. Found 0 Redis repository interfaces.
25-07-30.22:25:36.218 [main            ] DEBUG MybatisSqlSessionFactoryBean - Parsed mapper file: 'file [/Users/fwl/coding/ideaJavaProj/sideproject/thermal-comfort-app/thermal-comfort-app-app/target/classes/mybatis/mapper/ActivitiesMapper.xml]'
25-07-30.22:25:36.225 [main            ] DEBUG MybatisSqlSessionFactoryBean - Parsed mapper file: 'file [/Users/fwl/coding/ideaJavaProj/sideproject/thermal-comfort-app/thermal-comfort-app-app/target/classes/mybatis/mapper/AiInteractionLogsMapper.xml]'
25-07-30.22:25:36.235 [main            ] DEBUG MybatisSqlSessionFactoryBean - Parsed mapper file: 'file [/Users/fwl/coding/ideaJavaProj/sideproject/thermal-comfort-app/thermal-comfort-app-app/target/classes/mybatis/mapper/ComfortFeedbackMapper.xml]'
25-07-30.22:25:36.241 [main            ] DEBUG MybatisSqlSessionFactoryBean - Parsed mapper file: 'file [/Users/fwl/coding/ideaJavaProj/sideproject/thermal-comfort-app/thermal-comfort-app-app/target/classes/mybatis/mapper/ComfortSummaryReportsMapper.xml]'
25-07-30.22:25:36.247 [main            ] DEBUG MybatisSqlSessionFactoryBean - Parsed mapper file: 'file [/Users/fwl/coding/ideaJavaProj/sideproject/thermal-comfort-app/thermal-comfort-app-app/target/classes/mybatis/mapper/EnvironmentalReadingsMapper.xml]'
25-07-30.22:25:36.252 [main            ] DEBUG MybatisSqlSessionFactoryBean - Parsed mapper file: 'file [/Users/fwl/coding/ideaJavaProj/sideproject/thermal-comfort-app/thermal-comfort-app-app/target/classes/mybatis/mapper/LocationTagsMapper.xml]'
25-07-30.22:25:36.259 [main            ] DEBUG MybatisSqlSessionFactoryBean - Parsed mapper file: 'file [/Users/fwl/coding/ideaJavaProj/sideproject/thermal-comfort-app/thermal-comfort-app-app/target/classes/mybatis/mapper/SensorsMapper.xml]'
25-07-30.22:25:36.263 [main            ] DEBUG MybatisSqlSessionFactoryBean - Parsed mapper file: 'file [/Users/fwl/coding/ideaJavaProj/sideproject/thermal-comfort-app/thermal-comfort-app-app/target/classes/mybatis/mapper/UserLocationTagsMapper.xml]'
25-07-30.22:25:36.287 [main            ] DEBUG MybatisSqlSessionFactoryBean - Parsed mapper file: 'file [/Users/fwl/coding/ideaJavaProj/sideproject/thermal-comfort-app/thermal-comfort-app-app/target/classes/mybatis/mapper/UsersMapper.xml]'
25-07-30.22:25:36.448 [main            ] INFO  Version                - Redisson 3.23.4
25-07-30.22:25:36.459 [main            ] WARN  DnsServerAddressStreamProviders - Can not find io.netty.resolver.dns.macos.MacOSDnsServerAddressStreamProvider in the classpath, fallback to system defaults. This may result in incorrect DNS resolutions on MacOS. Check whether you have a dependency on 'io.netty:netty-resolver-dns-native-macos'
25-07-30.22:25:36.534 [redisson-netty-2-4] INFO  MasterPubSubConnectionPool - 1 connections initialized for 127.0.0.1/127.0.0.1:16379
25-07-30.22:25:36.544 [redisson-netty-2-13] INFO  MasterConnectionPool   - 5 connections initialized for 127.0.0.1/127.0.0.1:16379
25-07-30.22:25:36.874 [main            ] DEBUG MybatisPlusAutoConfiguration - Not found configuration for registering mapper bean using @MapperScan, MapperFactoryBean and MapperScannerConfigurer.
25-07-30.22:25:37.220 [main            ] INFO  EndpointLinksResolver  - Exposing 1 endpoint(s) beneath base path '/actuator'
25-07-30.22:25:37.246 [main            ] INFO  ComfortFeedbackServiceTest - Started ComfortFeedbackServiceTest in 2.207 seconds (JVM running for 2.708)
25-07-30.22:25:37.266 [main            ] DEBUG DdlApplicationRunner   -   ...  DDL start create  ...  
25-07-30.22:25:37.266 [main            ] DEBUG DdlApplicationRunner   -   ...  DDL end create  ...  
25-07-30.22:25:37.430 [main            ] INFO  HikariDataSource       - HikariPool-1 - Starting...
25-07-30.22:25:37.549 [main            ] INFO  HikariDataSource       - HikariPool-1 - Start completed.
25-07-30.22:25:37.662 [SpringApplicationShutdownHook] INFO  HikariDataSource       - HikariPool-1 - Shutdown initiated...
25-07-30.22:25:37.700 [SpringApplicationShutdownHook] INFO  HikariDataSource       - HikariPool-1 - Shutdown completed.
25-07-30.22:26:14.275 [main            ] INFO  ComfortFeedbackServiceTest - Starting ComfortFeedbackServiceTest using Java 17.0.8 on FWLMacBook-Pro.local with PID 15708 (started by fwl in /Users/fwl/coding/ideaJavaProj/sideproject/thermal-comfort-app/thermal-comfort-app-app)
25-07-30.22:26:14.276 [main            ] INFO  ComfortFeedbackServiceTest - The following 1 profile is active: "dev"
25-07-30.22:26:14.596 [main            ] DEBUG MybatisPlusAutoConfiguration - Searching for mappers annotated with @Mapper
25-07-30.22:26:14.596 [main            ] DEBUG MybatisPlusAutoConfiguration - Using auto-configuration base package 'com.wanling'
25-07-30.22:26:14.669 [main            ] INFO  RepositoryConfigurationDelegate - Multiple Spring Data modules found, entering strict repository configuration mode
25-07-30.22:26:14.671 [main            ] INFO  RepositoryConfigurationDelegate - Bootstrapping Spring Data Redis repositories in DEFAULT mode.
25-07-30.22:26:14.685 [main            ] INFO  RepositoryConfigurationDelegate - Finished Spring Data repository scanning in 8 ms. Found 0 Redis repository interfaces.
25-07-30.22:26:15.056 [main            ] DEBUG MybatisSqlSessionFactoryBean - Parsed mapper file: 'file [/Users/fwl/coding/ideaJavaProj/sideproject/thermal-comfort-app/thermal-comfort-app-app/target/classes/mybatis/mapper/ActivitiesMapper.xml]'
25-07-30.22:26:15.063 [main            ] DEBUG MybatisSqlSessionFactoryBean - Parsed mapper file: 'file [/Users/fwl/coding/ideaJavaProj/sideproject/thermal-comfort-app/thermal-comfort-app-app/target/classes/mybatis/mapper/AiInteractionLogsMapper.xml]'
25-07-30.22:26:15.073 [main            ] DEBUG MybatisSqlSessionFactoryBean - Parsed mapper file: 'file [/Users/fwl/coding/ideaJavaProj/sideproject/thermal-comfort-app/thermal-comfort-app-app/target/classes/mybatis/mapper/ComfortFeedbackMapper.xml]'
25-07-30.22:26:15.079 [main            ] DEBUG MybatisSqlSessionFactoryBean - Parsed mapper file: 'file [/Users/fwl/coding/ideaJavaProj/sideproject/thermal-comfort-app/thermal-comfort-app-app/target/classes/mybatis/mapper/ComfortSummaryReportsMapper.xml]'
25-07-30.22:26:15.085 [main            ] DEBUG MybatisSqlSessionFactoryBean - Parsed mapper file: 'file [/Users/fwl/coding/ideaJavaProj/sideproject/thermal-comfort-app/thermal-comfort-app-app/target/classes/mybatis/mapper/EnvironmentalReadingsMapper.xml]'
25-07-30.22:26:15.090 [main            ] DEBUG MybatisSqlSessionFactoryBean - Parsed mapper file: 'file [/Users/fwl/coding/ideaJavaProj/sideproject/thermal-comfort-app/thermal-comfort-app-app/target/classes/mybatis/mapper/LocationTagsMapper.xml]'
25-07-30.22:26:15.100 [main            ] DEBUG MybatisSqlSessionFactoryBean - Parsed mapper file: 'file [/Users/fwl/coding/ideaJavaProj/sideproject/thermal-comfort-app/thermal-comfort-app-app/target/classes/mybatis/mapper/SensorsMapper.xml]'
25-07-30.22:26:15.105 [main            ] DEBUG MybatisSqlSessionFactoryBean - Parsed mapper file: 'file [/Users/fwl/coding/ideaJavaProj/sideproject/thermal-comfort-app/thermal-comfort-app-app/target/classes/mybatis/mapper/UserLocationTagsMapper.xml]'
25-07-30.22:26:15.125 [main            ] DEBUG MybatisSqlSessionFactoryBean - Parsed mapper file: 'file [/Users/fwl/coding/ideaJavaProj/sideproject/thermal-comfort-app/thermal-comfort-app-app/target/classes/mybatis/mapper/UsersMapper.xml]'
25-07-30.22:26:15.283 [main            ] INFO  Version                - Redisson 3.23.4
25-07-30.22:26:15.294 [main            ] WARN  DnsServerAddressStreamProviders - Can not find io.netty.resolver.dns.macos.MacOSDnsServerAddressStreamProvider in the classpath, fallback to system defaults. This may result in incorrect DNS resolutions on MacOS. Check whether you have a dependency on 'io.netty:netty-resolver-dns-native-macos'
25-07-30.22:26:15.366 [redisson-netty-2-4] INFO  MasterPubSubConnectionPool - 1 connections initialized for 127.0.0.1/127.0.0.1:16379
25-07-30.22:26:15.377 [redisson-netty-2-13] INFO  MasterConnectionPool   - 5 connections initialized for 127.0.0.1/127.0.0.1:16379
25-07-30.22:26:15.688 [main            ] DEBUG MybatisPlusAutoConfiguration - Not found configuration for registering mapper bean using @MapperScan, MapperFactoryBean and MapperScannerConfigurer.
25-07-30.22:26:16.024 [main            ] INFO  EndpointLinksResolver  - Exposing 1 endpoint(s) beneath base path '/actuator'
25-07-30.22:26:16.052 [main            ] INFO  ComfortFeedbackServiceTest - Started ComfortFeedbackServiceTest in 1.933 seconds (JVM running for 2.273)
25-07-30.22:26:16.078 [main            ] DEBUG DdlApplicationRunner   -   ...  DDL start create  ...  
25-07-30.22:26:16.078 [main            ] DEBUG DdlApplicationRunner   -   ...  DDL end create  ...  
25-07-30.22:26:16.229 [main            ] INFO  HikariDataSource       - HikariPool-1 - Starting...
25-07-30.22:26:16.345 [main            ] INFO  HikariDataSource       - HikariPool-1 - Start completed.
25-07-30.22:26:16.496 [SpringApplicationShutdownHook] INFO  HikariDataSource       - HikariPool-1 - Shutdown initiated...
25-07-30.22:26:16.535 [SpringApplicationShutdownHook] INFO  HikariDataSource       - HikariPool-1 - Shutdown completed.
25-07-30.22:26:26.537 [main            ] INFO  LoginControllerTest    - Starting LoginControllerTest using Java 17.0.8 on FWLMacBook-Pro.local with PID 15719 (started by fwl in /Users/fwl/coding/ideaJavaProj/sideproject/thermal-comfort-app/thermal-comfort-app-app)
25-07-30.22:26:26.538 [main            ] INFO  LoginControllerTest    - The following 1 profile is active: "dev"
25-07-30.22:26:26.848 [main            ] DEBUG MybatisPlusAutoConfiguration - Searching for mappers annotated with @Mapper
25-07-30.22:26:26.848 [main            ] DEBUG MybatisPlusAutoConfiguration - Using auto-configuration base package 'com.wanling'
25-07-30.22:26:26.919 [main            ] INFO  RepositoryConfigurationDelegate - Multiple Spring Data modules found, entering strict repository configuration mode
25-07-30.22:26:26.920 [main            ] INFO  RepositoryConfigurationDelegate - Bootstrapping Spring Data Redis repositories in DEFAULT mode.
25-07-30.22:26:26.937 [main            ] INFO  RepositoryConfigurationDelegate - Finished Spring Data repository scanning in 9 ms. Found 0 Redis repository interfaces.
25-07-30.22:26:27.330 [main            ] DEBUG MybatisSqlSessionFactoryBean - Parsed mapper file: 'file [/Users/fwl/coding/ideaJavaProj/sideproject/thermal-comfort-app/thermal-comfort-app-app/target/classes/mybatis/mapper/ActivitiesMapper.xml]'
25-07-30.22:26:27.338 [main            ] DEBUG MybatisSqlSessionFactoryBean - Parsed mapper file: 'file [/Users/fwl/coding/ideaJavaProj/sideproject/thermal-comfort-app/thermal-comfort-app-app/target/classes/mybatis/mapper/AiInteractionLogsMapper.xml]'
25-07-30.22:26:27.348 [main            ] DEBUG MybatisSqlSessionFactoryBean - Parsed mapper file: 'file [/Users/fwl/coding/ideaJavaProj/sideproject/thermal-comfort-app/thermal-comfort-app-app/target/classes/mybatis/mapper/ComfortFeedbackMapper.xml]'
25-07-30.22:26:27.353 [main            ] DEBUG MybatisSqlSessionFactoryBean - Parsed mapper file: 'file [/Users/fwl/coding/ideaJavaProj/sideproject/thermal-comfort-app/thermal-comfort-app-app/target/classes/mybatis/mapper/ComfortSummaryReportsMapper.xml]'
25-07-30.22:26:27.360 [main            ] DEBUG MybatisSqlSessionFactoryBean - Parsed mapper file: 'file [/Users/fwl/coding/ideaJavaProj/sideproject/thermal-comfort-app/thermal-comfort-app-app/target/classes/mybatis/mapper/EnvironmentalReadingsMapper.xml]'
25-07-30.22:26:27.365 [main            ] DEBUG MybatisSqlSessionFactoryBean - Parsed mapper file: 'file [/Users/fwl/coding/ideaJavaProj/sideproject/thermal-comfort-app/thermal-comfort-app-app/target/classes/mybatis/mapper/LocationTagsMapper.xml]'
25-07-30.22:26:27.370 [main            ] DEBUG MybatisSqlSessionFactoryBean - Parsed mapper file: 'file [/Users/fwl/coding/ideaJavaProj/sideproject/thermal-comfort-app/thermal-comfort-app-app/target/classes/mybatis/mapper/SensorsMapper.xml]'
25-07-30.22:26:27.375 [main            ] DEBUG MybatisSqlSessionFactoryBean - Parsed mapper file: 'file [/Users/fwl/coding/ideaJavaProj/sideproject/thermal-comfort-app/thermal-comfort-app-app/target/classes/mybatis/mapper/UserLocationTagsMapper.xml]'
25-07-30.22:26:27.396 [main            ] DEBUG MybatisSqlSessionFactoryBean - Parsed mapper file: 'file [/Users/fwl/coding/ideaJavaProj/sideproject/thermal-comfort-app/thermal-comfort-app-app/target/classes/mybatis/mapper/UsersMapper.xml]'
25-07-30.22:26:27.555 [main            ] INFO  Version                - Redisson 3.23.4
25-07-30.22:26:27.565 [main            ] WARN  DnsServerAddressStreamProviders - Can not find io.netty.resolver.dns.macos.MacOSDnsServerAddressStreamProvider in the classpath, fallback to system defaults. This may result in incorrect DNS resolutions on MacOS. Check whether you have a dependency on 'io.netty:netty-resolver-dns-native-macos'
25-07-30.22:26:27.631 [redisson-netty-2-4] INFO  MasterPubSubConnectionPool - 1 connections initialized for 127.0.0.1/127.0.0.1:16379
25-07-30.22:26:27.639 [redisson-netty-2-13] INFO  MasterConnectionPool   - 5 connections initialized for 127.0.0.1/127.0.0.1:16379
25-07-30.22:26:27.944 [main            ] DEBUG MybatisPlusAutoConfiguration - Not found configuration for registering mapper bean using @MapperScan, MapperFactoryBean and MapperScannerConfigurer.
25-07-30.22:26:28.292 [main            ] INFO  SpringBootMockServletContext - Initializing Spring TestDispatcherServlet ''
25-07-30.22:26:28.292 [main            ] INFO  TestDispatcherServlet  - Initializing Servlet ''
25-07-30.22:26:28.296 [main            ] INFO  EndpointLinksResolver  - Exposing 1 endpoint(s) beneath base path '/actuator'
25-07-30.22:26:28.316 [main            ] INFO  TestDispatcherServlet  - Completed initialization in 24 ms
25-07-30.22:26:28.342 [main            ] INFO  LoginControllerTest    - Started LoginControllerTest in 1.966 seconds (JVM running for 2.371)
25-07-30.22:26:28.362 [main            ] DEBUG DdlApplicationRunner   -   ...  DDL start create  ...  
25-07-30.22:26:28.362 [main            ] DEBUG DdlApplicationRunner   -   ...  DDL end create  ...  
25-07-30.22:26:28.558 [main            ] INFO  HikariDataSource       - HikariPool-1 - Starting...
25-07-30.22:26:28.676 [main            ] INFO  HikariDataSource       - HikariPool-1 - Start completed.
25-07-30.22:26:28.732 [main            ] INFO  UserRepository         - 🛠 Mapping Users to UserEntity: po.created_at = 2025-07-21T00:11:31.208664
25-07-30.22:26:28.749 [main            ] INFO  UserRepository         - 🛠 Mapping Users to UserEntity: po.created_at = 2025-07-21T00:11:31.208664
25-07-30.22:26:28.749 [main            ] INFO  LoginServiceImpl       - 🧾 UserEntity createdAt = 2025-07-21T00:11:31.208664
25-07-30.22:26:28.798 [main            ] INFO  UserRepository         - 🛠 Mapping Users to UserEntity: po.created_at = 2025-07-21T00:11:31.208664
25-07-30.22:26:28.801 [main            ] INFO  UserRepository         - 🛠 Mapping Users to UserEntity: po.created_at = 2025-07-21T00:11:31.208664
25-07-30.22:26:28.801 [main            ] INFO  LoginServiceImpl       - 🧾 UserEntity createdAt = 2025-07-21T00:11:31.208664
25-07-30.22:26:28.806 [main            ] INFO  JwtAuthenticationFilter - 🔐 Header Authorization = Bearer eyJhbGciOiJIUzI1NiJ9.eyJzdWIiOiJVU0VSX0lORk8iLCJ1c2VySWQiOiI4ZDQ2OGY3Yi0wM2Y2LTQ3NjAtYTRiOC0yMjBlMTc1YjIzMmMiLCJ1c2VybmFtZSI6ImFkbWluIiwiZW1haWwiOiJhZG1pbkBleGFtcGxlLmNvbSIsImNyZWF0ZWRBdCI6IjIwMjUtMDctMjFUMDA6MTE6MzEuMjA4NjY0IiwiZXhwIjoxNzc5ODMwNzg4fQ.FxVFqlEMUmtxH2erdX4gp0cc-91ouOIC2YWTWuYM3q4
25-07-30.22:26:28.806 [main            ] INFO  JwtAuthenticationFilter - 🔐 JwtAuthenticationFilter path = /api/v1/auth/info
25-07-30.22:26:28.806 [main            ] INFO  JwtAuthenticationFilter - 🔐 Header access-token = eyJhbGciOiJIUzI1NiJ9.eyJzdWIiOiJVU0VSX0lORk8iLCJ1c2VySWQiOiI4ZDQ2OGY3Yi0wM2Y2LTQ3NjAtYTRiOC0yMjBlMTc1YjIzMmMiLCJ1c2VybmFtZSI6ImFkbWluIiwiZW1haWwiOiJhZG1pbkBleGFtcGxlLmNvbSIsImNyZWF0ZWRBdCI6IjIwMjUtMDctMjFUMDA6MTE6MzEuMjA4NjY0IiwiZXhwIjoxNzc5ODMwNzg4fQ.FxVFqlEMUmtxH2erdX4gp0cc-91ouOIC2YWTWuYM3q4
25-07-30.22:26:28.817 [main            ] INFO  UserRepository         - 🛠 Mapping Users to UserEntity: po.created_at = 2025-07-21T00:11:31.208664
25-07-30.22:26:28.824 [main            ] INFO  UserRepository         - 🛠 Mapping Users to UserEntity: po.created_at = 2025-07-21T00:11:31.208664
25-07-30.22:26:28.825 [main            ] INFO  UserRepository         - 🛠 Mapping Users to UserEntity: po.created_at = 2025-07-21T00:11:31.208664
25-07-30.22:26:28.829 [main            ] INFO  UserRepository         - 🛠 Mapping Users to UserEntity: po.created_at = 2025-07-21T00:11:31.208664
25-07-30.22:26:28.831 [main            ] INFO  UserRepository         - 🛠 Mapping Users to UserEntity: po.created_at = 2025-07-21T00:11:31.208664
25-07-30.22:26:28.831 [main            ] INFO  LoginServiceImpl       - 🧾 UserEntity createdAt = 2025-07-21T00:11:31.208664
25-07-30.22:26:28.836 [main            ] INFO  UserRepository         - 🛠 Mapping Users to UserEntity: po.created_at = 2025-07-21T00:11:31.208664
25-07-30.22:26:28.862 [SpringApplicationShutdownHook] INFO  HikariDataSource       - HikariPool-1 - Shutdown initiated...
25-07-30.22:26:28.877 [SpringApplicationShutdownHook] INFO  HikariDataSource       - HikariPool-1 - Shutdown completed.
25-07-30.22:27:15.113 [main            ] INFO  LoginControllerTest    - Starting LoginControllerTest using Java 17.0.8 on FWLMacBook-Pro.local with PID 15765 (started by fwl in /Users/fwl/coding/ideaJavaProj/sideproject/thermal-comfort-app/thermal-comfort-app-app)
25-07-30.22:27:15.114 [main            ] INFO  LoginControllerTest    - The following 1 profile is active: "dev"
25-07-30.22:27:15.430 [main            ] DEBUG MybatisPlusAutoConfiguration - Searching for mappers annotated with @Mapper
25-07-30.22:27:15.430 [main            ] DEBUG MybatisPlusAutoConfiguration - Using auto-configuration base package 'com.wanling'
25-07-30.22:27:15.503 [main            ] INFO  RepositoryConfigurationDelegate - Multiple Spring Data modules found, entering strict repository configuration mode
25-07-30.22:27:15.504 [main            ] INFO  RepositoryConfigurationDelegate - Bootstrapping Spring Data Redis repositories in DEFAULT mode.
25-07-30.22:27:15.523 [main            ] INFO  RepositoryConfigurationDelegate - Finished Spring Data repository scanning in 12 ms. Found 0 Redis repository interfaces.
25-07-30.22:27:15.919 [main            ] DEBUG MybatisSqlSessionFactoryBean - Parsed mapper file: 'file [/Users/fwl/coding/ideaJavaProj/sideproject/thermal-comfort-app/thermal-comfort-app-app/target/classes/mybatis/mapper/ActivitiesMapper.xml]'
25-07-30.22:27:15.926 [main            ] DEBUG MybatisSqlSessionFactoryBean - Parsed mapper file: 'file [/Users/fwl/coding/ideaJavaProj/sideproject/thermal-comfort-app/thermal-comfort-app-app/target/classes/mybatis/mapper/AiInteractionLogsMapper.xml]'
25-07-30.22:27:15.935 [main            ] DEBUG MybatisSqlSessionFactoryBean - Parsed mapper file: 'file [/Users/fwl/coding/ideaJavaProj/sideproject/thermal-comfort-app/thermal-comfort-app-app/target/classes/mybatis/mapper/ComfortFeedbackMapper.xml]'
25-07-30.22:27:15.941 [main            ] DEBUG MybatisSqlSessionFactoryBean - Parsed mapper file: 'file [/Users/fwl/coding/ideaJavaProj/sideproject/thermal-comfort-app/thermal-comfort-app-app/target/classes/mybatis/mapper/ComfortSummaryReportsMapper.xml]'
25-07-30.22:27:15.948 [main            ] DEBUG MybatisSqlSessionFactoryBean - Parsed mapper file: 'file [/Users/fwl/coding/ideaJavaProj/sideproject/thermal-comfort-app/thermal-comfort-app-app/target/classes/mybatis/mapper/EnvironmentalReadingsMapper.xml]'
25-07-30.22:27:15.953 [main            ] DEBUG MybatisSqlSessionFactoryBean - Parsed mapper file: 'file [/Users/fwl/coding/ideaJavaProj/sideproject/thermal-comfort-app/thermal-comfort-app-app/target/classes/mybatis/mapper/LocationTagsMapper.xml]'
25-07-30.22:27:15.958 [main            ] DEBUG MybatisSqlSessionFactoryBean - Parsed mapper file: 'file [/Users/fwl/coding/ideaJavaProj/sideproject/thermal-comfort-app/thermal-comfort-app-app/target/classes/mybatis/mapper/SensorsMapper.xml]'
25-07-30.22:27:15.966 [main            ] DEBUG MybatisSqlSessionFactoryBean - Parsed mapper file: 'file [/Users/fwl/coding/ideaJavaProj/sideproject/thermal-comfort-app/thermal-comfort-app-app/target/classes/mybatis/mapper/UserLocationTagsMapper.xml]'
25-07-30.22:27:16.012 [main            ] DEBUG MybatisSqlSessionFactoryBean - Parsed mapper file: 'file [/Users/fwl/coding/ideaJavaProj/sideproject/thermal-comfort-app/thermal-comfort-app-app/target/classes/mybatis/mapper/UsersMapper.xml]'
25-07-30.22:27:16.260 [main            ] INFO  Version                - Redisson 3.23.4
25-07-30.22:27:16.272 [main            ] WARN  DnsServerAddressStreamProviders - Can not find io.netty.resolver.dns.macos.MacOSDnsServerAddressStreamProvider in the classpath, fallback to system defaults. This may result in incorrect DNS resolutions on MacOS. Check whether you have a dependency on 'io.netty:netty-resolver-dns-native-macos'
25-07-30.22:27:16.348 [redisson-netty-2-4] INFO  MasterPubSubConnectionPool - 1 connections initialized for 127.0.0.1/127.0.0.1:16379
25-07-30.22:27:16.358 [redisson-netty-2-13] INFO  MasterConnectionPool   - 5 connections initialized for 127.0.0.1/127.0.0.1:16379
25-07-30.22:27:16.675 [main            ] DEBUG MybatisPlusAutoConfiguration - Not found configuration for registering mapper bean using @MapperScan, MapperFactoryBean and MapperScannerConfigurer.
25-07-30.22:27:17.001 [main            ] INFO  SpringBootMockServletContext - Initializing Spring TestDispatcherServlet ''
25-07-30.22:27:17.001 [main            ] INFO  TestDispatcherServlet  - Initializing Servlet ''
25-07-30.22:27:17.006 [main            ] INFO  EndpointLinksResolver  - Exposing 1 endpoint(s) beneath base path '/actuator'
25-07-30.22:27:17.017 [main            ] INFO  TestDispatcherServlet  - Completed initialization in 13 ms
25-07-30.22:27:17.034 [main            ] INFO  LoginControllerTest    - Started LoginControllerTest in 2.089 seconds (JVM running for 2.486)
25-07-30.22:27:17.053 [main            ] DEBUG DdlApplicationRunner   -   ...  DDL start create  ...  
25-07-30.22:27:17.053 [main            ] DEBUG DdlApplicationRunner   -   ...  DDL end create  ...  
25-07-30.22:27:17.257 [main            ] INFO  HikariDataSource       - HikariPool-1 - Starting...
25-07-30.22:27:17.367 [main            ] INFO  HikariDataSource       - HikariPool-1 - Start completed.
25-07-30.22:27:17.408 [main            ] INFO  UserRepository         - 🛠 Mapping Users to UserEntity: po.created_at = 2025-07-21T00:11:31.208664
25-07-30.22:27:17.421 [main            ] INFO  UserRepository         - 🛠 Mapping Users to UserEntity: po.created_at = 2025-07-21T00:11:31.208664
25-07-30.22:27:17.421 [main            ] INFO  LoginServiceImpl       - 🧾 UserEntity createdAt = 2025-07-21T00:11:31.208664
25-07-30.22:27:17.463 [main            ] INFO  UserRepository         - 🛠 Mapping Users to UserEntity: po.created_at = 2025-07-21T00:11:31.208664
25-07-30.22:27:17.468 [main            ] INFO  UserRepository         - 🛠 Mapping Users to UserEntity: po.created_at = 2025-07-21T00:11:31.208664
25-07-30.22:27:17.469 [main            ] INFO  LoginServiceImpl       - 🧾 UserEntity createdAt = 2025-07-21T00:11:31.208664
25-07-30.22:27:17.473 [main            ] INFO  JwtAuthenticationFilter - 🔐 Header Authorization = Bearer eyJhbGciOiJIUzI1NiJ9.eyJzdWIiOiJVU0VSX0lORk8iLCJ1c2VySWQiOiI4ZDQ2OGY3Yi0wM2Y2LTQ3NjAtYTRiOC0yMjBlMTc1YjIzMmMiLCJ1c2VybmFtZSI6ImFkbWluIiwiZW1haWwiOiJhZG1pbkBleGFtcGxlLmNvbSIsImNyZWF0ZWRBdCI6IjIwMjUtMDctMjFUMDA6MTE6MzEuMjA4NjY0IiwiZXhwIjoxNzc5ODMwODM3fQ.oXJFRdcsNcp4vNq5H8E_UonV0h1pUzppXQ-w2STidyc
25-07-30.22:27:17.473 [main            ] INFO  JwtAuthenticationFilter - 🔐 JwtAuthenticationFilter path = /api/v1/auth/info
25-07-30.22:27:17.473 [main            ] INFO  JwtAuthenticationFilter - 🔐 Header access-token = eyJhbGciOiJIUzI1NiJ9.eyJzdWIiOiJVU0VSX0lORk8iLCJ1c2VySWQiOiI4ZDQ2OGY3Yi0wM2Y2LTQ3NjAtYTRiOC0yMjBlMTc1YjIzMmMiLCJ1c2VybmFtZSI6ImFkbWluIiwiZW1haWwiOiJhZG1pbkBleGFtcGxlLmNvbSIsImNyZWF0ZWRBdCI6IjIwMjUtMDctMjFUMDA6MTE6MzEuMjA4NjY0IiwiZXhwIjoxNzc5ODMwODM3fQ.oXJFRdcsNcp4vNq5H8E_UonV0h1pUzppXQ-w2STidyc
25-07-30.22:27:17.484 [main            ] INFO  UserRepository         - 🛠 Mapping Users to UserEntity: po.created_at = 2025-07-21T00:11:31.208664
25-07-30.22:27:17.493 [main            ] INFO  UserRepository         - 🛠 Mapping Users to UserEntity: po.created_at = 2025-07-21T00:11:31.208664
25-07-30.22:27:17.495 [main            ] INFO  UserRepository         - 🛠 Mapping Users to UserEntity: po.created_at = 2025-07-21T00:11:31.208664
25-07-30.22:27:17.499 [main            ] INFO  UserRepository         - 🛠 Mapping Users to UserEntity: po.created_at = 2025-07-21T00:11:31.208664
25-07-30.22:27:17.501 [main            ] INFO  UserRepository         - 🛠 Mapping Users to UserEntity: po.created_at = 2025-07-21T00:11:31.208664
25-07-30.22:27:17.501 [main            ] INFO  LoginServiceImpl       - 🧾 UserEntity createdAt = 2025-07-21T00:11:31.208664
25-07-30.22:27:17.510 [main            ] INFO  UserRepository         - 🛠 Mapping Users to UserEntity: po.created_at = 2025-07-21T00:11:31.208664
25-07-30.22:27:17.534 [SpringApplicationShutdownHook] INFO  HikariDataSource       - HikariPool-1 - Shutdown initiated...
25-07-30.22:27:17.554 [SpringApplicationShutdownHook] INFO  HikariDataSource       - HikariPool-1 - Shutdown completed.
25-07-30.22:27:26.540 [main            ] INFO  LlmInsightServiceImplTest - Starting LlmInsightServiceImplTest using Java 17.0.8 on FWLMacBook-Pro.local with PID 15785 (started by fwl in /Users/fwl/coding/ideaJavaProj/sideproject/thermal-comfort-app/thermal-comfort-app-app)
25-07-30.22:27:26.540 [main            ] INFO  LlmInsightServiceImplTest - The following 1 profile is active: "dev"
25-07-30.22:27:26.861 [main            ] DEBUG MybatisPlusAutoConfiguration - Searching for mappers annotated with @Mapper
25-07-30.22:27:26.861 [main            ] DEBUG MybatisPlusAutoConfiguration - Using auto-configuration base package 'com.wanling'
25-07-30.22:27:26.935 [main            ] INFO  RepositoryConfigurationDelegate - Multiple Spring Data modules found, entering strict repository configuration mode
25-07-30.22:27:26.936 [main            ] INFO  RepositoryConfigurationDelegate - Bootstrapping Spring Data Redis repositories in DEFAULT mode.
25-07-30.22:27:26.950 [main            ] INFO  RepositoryConfigurationDelegate - Finished Spring Data repository scanning in 9 ms. Found 0 Redis repository interfaces.
25-07-30.22:27:27.323 [main            ] DEBUG MybatisSqlSessionFactoryBean - Parsed mapper file: 'file [/Users/fwl/coding/ideaJavaProj/sideproject/thermal-comfort-app/thermal-comfort-app-app/target/classes/mybatis/mapper/ActivitiesMapper.xml]'
25-07-30.22:27:27.329 [main            ] DEBUG MybatisSqlSessionFactoryBean - Parsed mapper file: 'file [/Users/fwl/coding/ideaJavaProj/sideproject/thermal-comfort-app/thermal-comfort-app-app/target/classes/mybatis/mapper/AiInteractionLogsMapper.xml]'
25-07-30.22:27:27.339 [main            ] DEBUG MybatisSqlSessionFactoryBean - Parsed mapper file: 'file [/Users/fwl/coding/ideaJavaProj/sideproject/thermal-comfort-app/thermal-comfort-app-app/target/classes/mybatis/mapper/ComfortFeedbackMapper.xml]'
25-07-30.22:27:27.344 [main            ] DEBUG MybatisSqlSessionFactoryBean - Parsed mapper file: 'file [/Users/fwl/coding/ideaJavaProj/sideproject/thermal-comfort-app/thermal-comfort-app-app/target/classes/mybatis/mapper/ComfortSummaryReportsMapper.xml]'
25-07-30.22:27:27.350 [main            ] DEBUG MybatisSqlSessionFactoryBean - Parsed mapper file: 'file [/Users/fwl/coding/ideaJavaProj/sideproject/thermal-comfort-app/thermal-comfort-app-app/target/classes/mybatis/mapper/EnvironmentalReadingsMapper.xml]'
25-07-30.22:27:27.359 [main            ] DEBUG MybatisSqlSessionFactoryBean - Parsed mapper file: 'file [/Users/fwl/coding/ideaJavaProj/sideproject/thermal-comfort-app/thermal-comfort-app-app/target/classes/mybatis/mapper/LocationTagsMapper.xml]'
25-07-30.22:27:27.363 [main            ] DEBUG MybatisSqlSessionFactoryBean - Parsed mapper file: 'file [/Users/fwl/coding/ideaJavaProj/sideproject/thermal-comfort-app/thermal-comfort-app-app/target/classes/mybatis/mapper/SensorsMapper.xml]'
25-07-30.22:27:27.367 [main            ] DEBUG MybatisSqlSessionFactoryBean - Parsed mapper file: 'file [/Users/fwl/coding/ideaJavaProj/sideproject/thermal-comfort-app/thermal-comfort-app-app/target/classes/mybatis/mapper/UserLocationTagsMapper.xml]'
25-07-30.22:27:27.387 [main            ] DEBUG MybatisSqlSessionFactoryBean - Parsed mapper file: 'file [/Users/fwl/coding/ideaJavaProj/sideproject/thermal-comfort-app/thermal-comfort-app-app/target/classes/mybatis/mapper/UsersMapper.xml]'
25-07-30.22:27:27.549 [main            ] INFO  Version                - Redisson 3.23.4
25-07-30.22:27:27.560 [main            ] WARN  DnsServerAddressStreamProviders - Can not find io.netty.resolver.dns.macos.MacOSDnsServerAddressStreamProvider in the classpath, fallback to system defaults. This may result in incorrect DNS resolutions on MacOS. Check whether you have a dependency on 'io.netty:netty-resolver-dns-native-macos'
25-07-30.22:27:27.631 [redisson-netty-2-4] INFO  MasterPubSubConnectionPool - 1 connections initialized for 127.0.0.1/127.0.0.1:16379
25-07-30.22:27:27.639 [redisson-netty-2-13] INFO  MasterConnectionPool   - 5 connections initialized for 127.0.0.1/127.0.0.1:16379
25-07-30.22:27:27.960 [main            ] DEBUG MybatisPlusAutoConfiguration - Not found configuration for registering mapper bean using @MapperScan, MapperFactoryBean and MapperScannerConfigurer.
25-07-30.22:27:28.276 [main            ] INFO  EndpointLinksResolver  - Exposing 1 endpoint(s) beneath base path '/actuator'
25-07-30.22:27:28.301 [main            ] INFO  LlmInsightServiceImplTest - Started LlmInsightServiceImplTest in 1.918 seconds (JVM running for 2.373)
25-07-30.22:27:28.322 [main            ] DEBUG DdlApplicationRunner   -   ...  DDL start create  ...  
25-07-30.22:27:28.322 [main            ] DEBUG DdlApplicationRunner   -   ...  DDL end create  ...  
25-07-30.22:27:28.477 [main            ] INFO  HikariDataSource       - HikariPool-1 - Starting...
25-07-30.22:27:28.585 [main            ] INFO  HikariDataSource       - HikariPool-1 - Start completed.
25-07-30.22:27:28.718 [main            ] INFO  LlmInsightServiceImplTest - 🧠 Insight Summary:
MonthlyLLMInsightEntity(startDate=2025-07-01, endDate=2025-07-31, totalFeedbackCount=4, comfortLevelCounts={-1=4}, comfortLevelPercentages={-1=100.0}, activityDistribution=[ActivityDistributionEntity(activityTypeId=standing, count=1, percentage=33.333333333333336), ActivityDistributionEntity(activityTypeId=sitting, count=2, percentage=66.66666666666667)], clothingDistribution=[ClothingDistributionEntity(clothingLevel=medium, count=2, percentage=100.0)], comfortLevelEnvRanges=[ComfortLevelEnvironmentRangeEntity(comfortLevel=-2, minTemp=0.0, maxTemp=0.0, minHumidity=0.0, maxHumidity=0.0, sampleCount=0), ComfortLevelEnvironmentRangeEntity(comfortLevel=-1, minTemp=20.9, maxTemp=21.6, minHumidity=66.0, maxHumidity=66.0, sampleCount=4), ComfortLevelEnvironmentRangeEntity(comfortLevel=0, minTemp=0.0, maxTemp=0.0, minHumidity=0.0, maxHumidity=0.0, sampleCount=0), ComfortLevelEnvironmentRangeEntity(comfortLevel=1, minTemp=0.0, maxTemp=0.0, minHumidity=0.0, maxHumidity=0.0, sampleCount=0), ComfortLevelEnvironmentRangeEntity(comfortLevel=2, minTemp=0.0, maxTemp=0.0, minHumidity=0.0, maxHumidity=0.0, sampleCount=0)], trendComparison=TrendComparisonEntity(currentCount=4, currentComfortRatio=0.0, previousCount=0, previousComfortRatio=0.0, delta=0.0), topLocation=TopLocationEntity(name=Home, latitude=53.285921, longitude=-9.073665, comfortStats={-1=4}, totalCount=4))
25-07-30.22:27:28.775 [SpringApplicationShutdownHook] INFO  HikariDataSource       - HikariPool-1 - Shutdown initiated...
25-07-30.22:27:28.804 [SpringApplicationShutdownHook] INFO  HikariDataSource       - HikariPool-1 - Shutdown completed.
